==============================================
MY PKT
==============================================
Session id:  0x0000B989 (47497)
Session cmd: 0x00000045 (69)
MAIN: size(0x000000C8)
00000000 00000016 00000001 00000000 | 00000000 00000000 0000001A 00000001 
00000000 00000000 00000000 00000002 | 5F348B13 00000000 00000000 00000004 
00000005 00000000 00320A60 00000188 | 00000000 0000000D 00000002 00000000 
00000000 00000004 0000000A 00000000 | 00320C18 00000080 00000000 00000019 
00000001 00000000 00000000 00000004 | 00000006 00000000 00322328 00000080 
00000004 00000011 00000000 003223E0 | 00000148 00000000 00000014 00000000 
00000000 00000000 

next bytes: 0x00000000 0x00000016 0x00000001 0x00000000 0x00000000 
obj_type :  0x00000000
obj_index:  0x00000016
data:       0x00000001
data_ptr:   0x00000000 0x00000000

next bytes: 0x00000000 0x0000001A 0x00000001 0x00000000 0x00000000 
obj_type :  0x00000000
obj_index:  0x0000001A
data:       0x00000001
data_ptr:   0x00000000 0x00000000

next bytes: 0x00000000 0x00000002 0x5F348B13 0x00000000 0x00000000 
obj_type :  0x00000000
obj_index:  0x00000002
data:       0x5F348B13
data_ptr:   0x00000000 0x00000000

next bytes: 0x00000004 0x00000005 0x00000000 0x00320A60 0x00000188 
obj_type :  0x00000004
obj_index:  0x00000005
data:       0x00000000
data_ptr:   0xALLOC001 0x00000188

next bytes: 0x00000000 0x0000000D 0x00000002 0x00000000 0x00000000 
obj_type :  0x00000000
obj_index:  0x0000000D
data:       0x00000002
data_ptr:   0x00000000 0x00000000

next bytes: 0x00000004 0x0000000A 0x00000000 0x00320C18 0x00000080 
obj_type :  0x00000004
obj_index:  0x0000000A
data:       0x00000000
data_ptr:   0xALLOC002 0x00000080

next bytes: 0x00000000 0x00000019 0x00000001 0x00000000 0x00000000 
obj_type :  0x00000000
obj_index:  0x00000019
data:       0x00000001
data_ptr:   0x00000000 0x00000000

next bytes: 0x00000004 0x00000006 0x00000000 0x00322328 0x00000080 
obj_type :  0x00000004
obj_index:  0x00000006
data:       0x00000000
data_ptr:   0xALLOC003 0x00000080
^^^^^^^^^^^^^^^^^^^^^^^^^^^^^^^^^^^^
crypted nonce..

70 cf d8 19



next bytes: 0x00000004 0x00000011 0x00000000 0x003223E0 0x00000148 
obj_type :  0x00000004
obj_index:  0x00000011
data:       0x00000000
data_ptr:   0xALLOC004 0x00000148

next bytes: 0x00000000 0x00000014 0x00000000 0x00000000 0x00000000 
obj_type :  0x00000000
obj_index:  0x00000014
data:       0x00000000
data_ptr:   0x00000000 0x00000000


ALLOCATED: 1 size(0x00000188)
00000104 00000001 36243BA6 FB4817F1 | 90045412 8E5D17AE 72691886 21BF4756 
EE9B63FD 0290DB71 7B8C6649 58D724EB | 69FBF1D7 C138D082 EFC04027 6BB4B27A 
C9781964 1710A969 783F623E 09EAD880 | 6834EB99 4826AE84 14BFAA47 9F293BE4 
F093CC30 8418276D 878792EE 0A850A55 | 8069E948 F7FB9FD6 D67B98CF 9B3A31D5 
944379B7 29767ECD 323DD61E BFC197B5 | B9523814 AFBF098B CE7BDB09 02150B14 
71980557 2199F158 7E23CDBE AB8F64E7 | 27433C76 25F2282B 8A0A6F20 5B039AFE 
9476DA27 73945B61 150245C0 540C4111 | 2C319A5F 35953C95 B8AC1D49 A6D961CD 
8C5665FE 4668BF06 ED22D8DC E3B4FE27 | 65215699 9D1F787E 88EFA982 A78ABF0C 
44FAE158 0688A364 11CD5CC6 09E22388 | BFA87C5F 5C2F0324 EE6ED291 C1FEE5ED 
2D6127FE FDAAB63A AB021B74 EB659C17 | B87B0A42 5F19659F A7093B31 44D191B4 
0AA8D87C BA4008E4 0E5FEFED F05EA9B0 | 0250C916 D4610FFA 0B3F8F9D 06C35782 
9CC6E1DC F0842BE1 8ED3ED27 02F9DE7D | B09E0D40 3FA8F6ED FA14B0FC 2B77D4B4 
849ACB6C 103614BF 

ALLOCATED: 2 size(0x00000080)
50AF2E5F AEA68AF7 8D420240 9290206B | A574DEC8 82F90A9E 9BB3AF71 3D4EBBA2 
683AC7C4 44A50F2F 2852BE81 723D73BF | 6FE159D0 7F9716E7 42A83D96 A3D7DFEE 
ADE7FF76 5F4708FB 6BF90285 C5AF1AA9 | 2E4DE7D5 15C9E126 FF9B2A23 0EFA4A87 
C609E577 EF2BE243 F6618A10 D9F0020D | BBA7BA22 7AA4C5E9 21838C59 0881F3B7 

ALLOCATED: 3 size(0x00000080)
70CFD819 4F07DA8C BF016EB3 46F40B61 | CED406D0 7D2907B7 4A687913 681C9C67 
82F96055 5D6773E1 3A1FFD47 4122AEDB | 807B66CA 81777310 FB09F5D5 E45C79A5 
B7D1C060 E5E738A4 28BB73B0 82FF34C2 | 113325CE 2533BEAF E01D9B07 84FD4924 
DBCCCE97 444FDF9D 684F5EB7 E4C0D0FC | A36E0412 2C7805CA 01E21661 1ECBD6B4 

!!! crypted nonce !!!


ALLOCATED: 4 size(0x00000148)
000000C4 00000000 33E4C142 2682156B | 6BFD18AA 21C6D1E4 B097E1B9 93EA3412 
83B5D5F1 EBAAD3C8 2AA27BA0 4A536387 | 1FFE03B0 BD9FF046 95AC1B09 44797F85 
5A3689A1 BE6D26BA C9730D92 B0D11F7E | 996787BD DEFAF16B F9E5360F 5A91A110 
E90677EE 93B2D9B6 87EC6E22 6978B80C | 031F512C D38F9376 ECB73C1A 757F1766 
4A8E8DE6 10B65719 DA3DAF21 1C6C39C2 | 75B45E8B 308741AD CB7B29AC AF7AAA0D 
666A6AE5 C91E7842 2DF164C5 E4CDADFE | F00EC14B 4A9EFB20 61727B9E 095FB8E3 
1C1CD802 8ADAEA0F 91034C70 CAE90117 | 92E6D8C1 D0C809B0 A992E37B 53C7A5F9 
92E88266 A8C8A224 EF9E20E2 6DE664AC | BD0690A3 B461D55B DCDADE0B EF675020 
5121B2CB 1F40671B D9FF1D3F E6E69083 | 20AEE630 AFE715AD 8CDED91F 0D52B917 
E351D8E1 D4E6431F 7F9A9A42 C4B2029B | D4715CC9 ADFD33C5 EC7D8684 6A89D943 
05858856 ABBF8A6E 

