"\x89\xF3\x02\x45\x41\x0A\x00\x16\x01\x00\x1A\x01\x00\x02\x93\x96"
"\xD2\xF9\x05\x04\x05\x88\x03\x00\x00\x01\x04\x00\x00\x00\x01\x36"
"\x24\x3B\xA6\xFB\x48\x17\xF1\x90\x04\x54\x12\x8E\x5D\x17\xAE\x72"
"\x69\x18\x86\x21\xBF\x47\x56\xEE\x9B\x63\xFD\x02\x90\xDB\x71\x7B"
"\x8C\x66\x49\x58\xD7\x24\xEB\x69\xFB\xF1\xD7\xC1\x38\xD0\x82\xEF"
"\xC0\x40\x27\x6B\xB4\xB2\x7A\xC9\x78\x19\x64\x17\x10\xA9\x69\x78"
"\x3F\x62\x3E\x09\xEA\xD8\x80\x68\x34\xEB\x99\x48\x26\xAE\x84\x14"
"\xBF\xAA\x47\x9F\x29\x3B\xE4\xF0\x93\xCC\x30\x84\x18\x27\x6D\x87"
"\x87\x92\xEE\x0A\x85\x0A\x55\x80\x69\xE9\x48\xF7\xFB\x9F\xD6\xD6"
"\x7B\x98\xCF\x9B\x3A\x31\xD5\x94\x43\x79\xB7\x29\x76\x7E\xCD\x32"
"\x3D\xD6\x1E\xBF\xC1\x97\xB5\xB9\x52\x38\x14\xAF\xBF\x09\x8B\xCE"
"\x7B\xDB\x09\x02\x15\x0B\x14\x71\x98\x05\x57\x21\x99\xF1\x58\x7E"
"\x23\xCD\xBE\xAB\x8F\x64\xE7\x27\x43\x3C\x76\x25\xF2\x28\x2B\x8A"
"\x0A\x6F\x20\x5B\x03\x9A\xFE\x94\x76\xDA\x27\x73\x94\x5B\x61\x15"
"\x02\x45\xC0\x54\x0C\x41\x11\x2C\x31\x9A\x5F\x35\x95\x3C\x95\xB8"
"\xAC\x1D\x49\xA6\xD9\x61\xCD\x8C\x56\x65\xFE\x46\x68\xBF\x06\xED"
"\x22\xD8\xDC\xE3\xB4\xFE\x27\x65\x21\x56\x99\x9D\x1F\x78\x7E\x88"
"\xEF\xA9\x82\xA7\x8A\xBF\x0C\x44\xFA\xE1\x58\x06\x88\xA3\x64\x11"
"\xCD\x5C\xC6\x09\xE2\x23\x88\xBF\xA8\x7C\x5F\x5C\x2F\x03\x24\xEE"
"\x6E\xD2\x91\xC1\xFE\xE5\xED\x2D\x61\x27\xFE\xFD\xAA\xB6\x3A\xAB"
"\x02\x1B\x74\xEB\x65\x9C\x17\xB8\x7B\x0A\x42\x5F\x19\x65\x9F\xA7"
"\x09\x3B\x31\x44\xD1\x91\xB4\x0A\xA8\xD8\x7C\xBA\x40\x08\xE4\x0E"
"\x5F\xEF\xED\xF0\x5E\xA9\xB0\x02\x50\xC9\x16\xD4\x61\x0F\xFA\x0B"
"\x3F\x8F\x9D\x06\xC3\x57\x82\x9C\xC6\xE1\xDC\xF0\x84\x2B\xE1\x8E"
"\xD3\xED\x27\x02\xF9\xDE\x7D\xB0\x9E\x0D\x40\x3F\xA8\xF6\xED\xFA"
"\x14\xB0\xFC\x2B\x77\xD4\xB4\x84\x9A\xCB\x6C\x10\x36\x14\xBF\x00"
"\x0D\x02\x04\x0A\x80\x01\x50\xAF\x2E\x5F\xAE\xA6\x8A\xF7\x8D\x42"
"\x02\x40\x92\x90\x20\x6B\xA5\x74\xDE\xC8\x82\xF9\x0A\x9E\x9B\xB3"
"\xAF\x71\x3D\x4E\xBB\xA2\x68\x3A\xC7\xC4\x44\xA5\x0F\x2F\x28\x52"
"\xBE\x81\x72\x3D\x73\xBF\x6F\xE1\x59\xD0\x7F\x97\x16\xE7\x42\xA8"
"\x3D\x96\xA3\xD7\xDF\xEE\xAD\xE7\xFF\x76\x5F\x47\x08\xFB\x6B\xF9"
"\x02\x85\xC5\xAF\x1A\xA9\x2E\x4D\xE7\xD5\x15\xC9\xE1\x26\xFF\x9B"
"\x2A\x23\x0E\xFA\x4A\x87\xC6\x09\xE5\x77\xEF\x2B\xE2\x43\xF6\x61"
"\x8A\x10\xD9\xF0\x02\x0D\xBB\xA7\xBA\x22\x7A\xA4\xC5\xE9\x21\x83"
"\x8C\x59\x08\x81\xF3\xB7\x00\x19\x01\x04\x06\x80\x01\x70\xCF\xD8"
"\x19\x4F\x07\xDA\x8C\xBF\x01\x6E\xB3\x46\xF4\x0B\x61\xCE\xD4\x06"
"\xD0\x7D\x29\x07\xB7\x4A\x68\x79\x13\x68\x1C\x9C\x67\x82\xF9\x60"
"\x55\x5D\x67\x73\xE1\x3A\x1F\xFD\x47\x41\x22\xAE\xDB\x80\x7B\x66"
"\xCA\x81\x77\x73\x10\xFB\x09\xF5\xD5\xE4\x5C\x79\xA5\xB7\xD1\xC0"
"\x60\xE5\xE7\x38\xA4\x28\xBB\x73\xB0\x82\xFF\x34\xC2\x11\x33\x25"
"\xCE\x25\x33\xBE\xAF\xE0\x1D\x9B\x07\x84\xFD\x49\x24\xDB\xCC\xCE"
"\x97\x44\x4F\xDF\x9D\x68\x4F\x5E\xB7\xE4\xC0\xD0\xFC\xA3\x6E\x04"
"\x12\x2C\x78\x05\xCA\x01\xE2\x16\x61\x1E\xCB\xD6\xB4\x04\x11\xC8"
"\x02\x00\x00\x00\xC4\x00\x00\x00\x00\x33\xE4\xC1\x42\x26\x82\x15"
"\x6B\x6B\xFD\x18\xAA\x21\xC6\xD1\xE4\xB0\x97\xE1\xB9\x93\xEA\x34"
"\x12\x83\xB5\xD5\xF1\xEB\xAA\xD3\xC8\x2A\xA2\x7B\xA0\x4A\x53\x63"
"\x87\x1F\xFE\x03\xB0\xBD\x9F\xF0\x46\x95\xAC\x1B\x09\x44\x79\x7F"
"\x85\x5A\x36\x89\xA1\xBE\x6D\x26\xBA\xC9\x73\x0D\x92\xB0\xD1\x1F"
"\x7E\x99\x67\x87\xBD\xDE\xFA\xF1\x6B\xF9\xE5\x36\x0F\x5A\x91\xA1"
"\x10\xE9\x06\x77\xEE\x93\xB2\xD9\xB6\x87\xEC\x6E\x22\x69\x78\xB8"
"\x0C\x03\x1F\x51\x2C\xD3\x8F\x93\x76\xEC\xB7\x3C\x1A\x75\x7F\x17"
"\x66\x4A\x8E\x8D\xE6\x10\xB6\x57\x19\xDA\x3D\xAF\x21\x1C\x6C\x39"
"\xC2\x75\xB4\x5E\x8B\x30\x87\x41\xAD\xCB\x7B\x29\xAC\xAF\x7A\xAA"
"\x0D\x66\x6A\x6A\xE5\xC9\x1E\x78\x42\x2D\xF1\x64\xC5\xE4\xCD\xAD"
"\xFE\xF0\x0E\xC1\x4B\x4A\x9E\xFB\x20\x61\x72\x7B\x9E\x09\x5F\xB8"
"\xE3\x1C\x1C\xD8\x02\x8A\xDA\xEA\x0F\x91\x03\x4C\x70\xCA\xE9\x01"
"\x17\x92\xE6\xD8\xC1\xD0\xC8\x09\xB0\xA9\x92\xE3\x7B\x53\xC7\xA5"
"\xF9\x92\xE8\x82\x66\xA8\xC8\xA2\x24\xEF\x9E\x20\xE2\x6D\xE6\x64"
"\xAC\xBD\x06\x90\xA3\xB4\x61\xD5\x5B\xDC\xDA\xDE\x0B\xEF\x67\x50"
"\x20\x51\x21\xB2\xCB\x1F\x40\x67\x1B\xD9\xFF\x1D\x3F\xE6\xE6\x90"
"\x83\x20\xAE\xE6\x30\xAF\xE7\x15\xAD\x8C\xDE\xD9\x1F\x0D\x52\xB9"
"\x17\xE3\x51\xD8\xE1\xD4\xE6\x43\x1F\x7F\x9A\x9A\x42\xC4\xB2\x02"
"\x9B\xD4\x71\x5C\xC9\xAD\xFD\x33\xC5\xEC\x7D\x86\x84\x6A\x89\xD9"
"\x43\x05\x85\x88\x56\xAB\xBF\x8A\x6E\x00\x14\x00\x46\x89"
;

