possible not all bytes decoded! (not found last 2 bytes of crc16)
==============================================
MY PKT tmp 1
==============================================
Session id:  0x000013D3 (5075)
Session cmd: 0x0000006D (109)
MAIN: size(0x0000003C)
00000000 00000001 55819F87 00000000 | 00000000 00000000 00000003 00000002 
00000000 00000000 00000004 00000004 | 00000000 00320A60 000001C2 

next bytes: 0x00000000 0x00000001 0x55819F87 0x00000000 0x00000000 
obj_type :  0x00000000
obj_index:  0x00000001
data:       0x55819F87
data_ptr:   0x00000000 0x00000000

next bytes: 0x00000000 0x00000003 0x00000002 0x00000000 0x00000000 
obj_type :  0x00000000
obj_index:  0x00000003
data:       0x00000002
data_ptr:   0x00000000 0x00000000

next bytes: 0x00000004 0x00000004 0x00000000 0x00320A60 0x000001C2 
obj_type :  0x00000004
obj_index:  0x00000004
data:       0x00000000
data_ptr:   0xALLOC001 0x000001C2


ALLOCATED: 1 size(0x000001C2)
41020001 2A051841 04050241 05000009 | 00010100 02A9A185 CE0E0403 8C01580A 
58FBF6A2 1DD54092 16F64805 4420662D | B22A4E0E C8D7B9D5 20E20F48 35E4B305 
00D0503B C12C5C66 A44DE6C3 6C753594 | C03938A2 561E8ACB AB67016D 1E7072FD 
861FFFAC F5F08472 068E301D 8E109794 | 8B4DCC5E 00FE0BD9 C2716463 9808986A 
69E0F2F9 F7B0426A 3C5C2080 5B144C4E | 0D8C2C8C 97D07EF4 CBEEBFD4 42A50E00 
000F0000 0A9DEDA2 90040404 84020000 | 00019A12 47C44225 35E2D528 A73E8C2B 
3E282663 10553FA3 15DB93D7 D3A5C44B | 44EBE0AE B979E5CF 3ABE8FA1 D57194D2 
E8E40E52 6DA37BDB E49E2C9E 18433807 | F350358E 430A7E69 F03D0926 7F7E92B3 
E43B173D 24805078 2D52E4CE 81853EA3 | 3BEC1532 F85B2280 04D3CDFA 5BC69734 
BEB767C6 CD79476A 6B99A3F6 689C1E47 | 1AA94316 2EB93EA4 84AACA0A CF975D66 
0959FAEB 9C7D6DC0 5B53CF57 C390C4A9 | FECAEA75 84C90D64 9D148C33 A680094B 
865ED815 BBEEA0DA 4B03470B D2A297AF | 3229949E 71B18CCB 276D8444 78252781 
D0C3A2DD 9A894C4F 91472583 49DE9A47 | D0517F22 2BDBFDA5 FF2C6FFD BCC695E5 
89A2D003 8C2C249A 2EFECBA1 9F6964B2 | 10590006 0100079D EDA29004 0009D7E1 
EB090000 

