possible not all bytes decoded! (not found last 2 bytes of crc16)
==============================================
MY PKT tmp
==============================================
Session id:  0x0000F12D (61741)
Session cmd: 0x00000045 (69)
MAIN: size(0x000000C8)
00000000 00000016 00000001 00000000 | 00000000 00000000 0000001A 00000001 
00000000 00000000 00000000 00000002 | 5F3484C1 00000000 00000000 00000004 
00000005 00000000 00320A60 00000188 | 00000000 0000000D 00000002 00000000 
00000000 00000004 0000000A 00000000 | 00320C18 00000080 00000000 00000019 
00000001 00000000 00000000 00000004 | 00000006 00000000 00322388 00000080 
00000004 00000011 00000000 00322440 | 00000188 00000000 00000014 00000000 
00000000 00000000 

next bytes: 0x00000000 0x00000016 0x00000001 0x00000000 0x00000000 
obj_type :  0x00000000
obj_index:  0x00000016
data:       0x00000001
data_ptr:   0x00000000 0x00000000

next bytes: 0x00000000 0x0000001A 0x00000001 0x00000000 0x00000000 
obj_type :  0x00000000
obj_index:  0x0000001A
data:       0x00000001
data_ptr:   0x00000000 0x00000000

next bytes: 0x00000000 0x00000002 0x5F3484C1 0x00000000 0x00000000 
obj_type :  0x00000000
obj_index:  0x00000002
data:       0x5F3484C1
data_ptr:   0x00000000 0x00000000

next bytes: 0x00000004 0x00000005 0x00000000 0x00320A60 0x00000188 
obj_type :  0x00000004
obj_index:  0x00000005
data:       0x00000000
data_ptr:   0xALLOC001 0x00000188

next bytes: 0x00000000 0x0000000D 0x00000002 0x00000000 0x00000000 
obj_type :  0x00000000
obj_index:  0x0000000D
data:       0x00000002
data_ptr:   0x00000000 0x00000000

next bytes: 0x00000004 0x0000000A 0x00000000 0x00320C18 0x00000080 
obj_type :  0x00000004
obj_index:  0x0000000A
data:       0x00000000
data_ptr:   0xALLOC002 0x00000080

next bytes: 0x00000000 0x00000019 0x00000001 0x00000000 0x00000000 
obj_type :  0x00000000
obj_index:  0x00000019
data:       0x00000001
data_ptr:   0x00000000 0x00000000

next bytes: 0x00000004 0x00000006 0x00000000 0x00322388 0x00000080 
obj_type :  0x00000004
obj_index:  0x00000006
data:       0x00000000
data_ptr:   0xALLOC003 0x00000080

next bytes: 0x00000004 0x00000011 0x00000000 0x00322440 0x00000188 
obj_type :  0x00000004
obj_index:  0x00000011
data:       0x00000000
data_ptr:   0xALLOC004 0x00000188

next bytes: 0x00000000 0x00000014 0x00000000 0x00000000 0x00000000 
obj_type :  0x00000000
obj_index:  0x00000014
data:       0x00000000
data_ptr:   0x00000000 0x00000000


ALLOCATED: 1 size(0x00000188)
00000104 00000001 ACA99681 F5AA51F3 | 71401D96 F7FE4E0E B7239C26 5C1DB0E0 
6613DFDB 82B51F1E 796D74B3 F8CD337B | DD364996 FD8B9B8A C029AB26 840C50ED 
CEC04498 5F30B1E8 1C215E70 6AAC41D9 | 216E9571 F5A5F42A D68516D8 799D70FD 
FD2393D3 CBB000E3 2B5A1CE0 882BC170 | CB33F770 D8BCB925 CC1899C2 4EAEB86F 
6C68AC88 F5DB3534 1770C1AB 6AF571D2 | A52FD7AF DB2CC240 94F6FB35 1514E41C 
B857B3A7 CDB5660A EB9010C0 FAD648F3 | 9480CC89 C20267AF C55AF5AA 9FB1F1AD 
94E273F4 A4EE7146 D234E7E9 35D06B8B | CE9F2B37 0810F8FC 241220AA F99E0D9C 
58192607 7CC612C7 49962E03 21299888 | AD9EC958 FBD49AF8 B4ECD7AB 91D93A24 
58453127 9D715EE7 0C5366AA 3542DEEF | 25E0A7FD 160F331C D8984D72 482125A4 
F7F24D9D DC93F9E9 977BE7EA D2D7C890 | EE32AC68 0553BFEB 1186D844 254E6D0F 
57DD71AA 19E6A011 F8B38D4B EAD28359 | F84E1F6C 3F0D4AB4 E4B0F4CF 0C585AF8 
451CB184 7D9FC23A FBC3B6A8 68DC7CBA | 8B49E923 4FDA9378 20F2FB3F CE736590 
A16CD38B 15A2C8E3 

ALLOCATED: 2 size(0x00000080)
50D09686 6C7D67DF 76935794 47F54623 | 0F86A5BC FCF99DB9 4FE92FC1 9F96F30F 
56027664 74E99D70 74DA4211 E285D880 | 2ADDD63E 6CDC2BC1 8C422B12 BA31F9EA 
13CC6C77 512444F6 60778121 1F29F143 | E5800A93 BE3FD6C7 A3AC1E12 C7508AC0 
34C19EBE B9579C37 25123D61 F9DF60AF | 8E1AE894 8821AEEC 58BF7150 D8A5898B 

ALLOCATED: 3 size(0x00000080)
0CD94FF1 092C3139 66E6EBE9 682363B1 | 33AEEA3F BA5050DA CD715362 3802F684 
36DF67EA E7992A55 E6926A93 3A66F699 | 030E3F1D 28EC9E4C 8333EC4B BE257361 
476B1D24 7ED7FF03 666C78E3 BAD3991C | B2DC8B8A E7BCC8D8 3AB68266 EAA60295 
F571153C 0B186103 4D6E5ACC 3ABB0E7C | A97C0E1D C3A4028D 61132EB1 D2376DCF 

ALLOCATED: 4 size(0x00000188)
00000104 00000001 4C74490E 80535FC5 | 3FA24F13 E891BF3B 42F47817 3F1CBBBB 
E57089CC ACF1F252 9A8394DB 8BB77FD0 | A43565BB 44BD16B2 E852016B 1E9F7BAE 
157C3DAD 1A5F276E A502B0AB 2BC4C260 | B01C9F40 93ABE988 73AF02EE 48937D95 
0C507938 F7EF7134 27C62E6B 05384861 | 020140BE C4C4D4A5 D5DDECC7 A1C061DB 
D411B42F A9ACD07B 1F4B8CE6 FB0B20B4 | 7ACA10DD 4F2EF762 B80B556F D8CD2CF2 
D4CAE201 F78F90A0 4573AA98 3C9A2DB7 | 1C00285E 732E4105 DF62EA1E 8F72FE32 
6A971ED8 829F18C7 C9AA4B2F 754AFB74 | 4E8B9FBC 7219586F 9A788BB3 EEAB8C95 
8069A811 02607B71 D9851094 730D1FFA | FBA44D86 C9A45484 3F4793B7 970E6BB4 
3F8C3723 F327EBB8 3FAA3757 D471A72F | 99D736A7 454D45BB 392C295D 389FF49F 
74DBDB07 1B64DDB8 6327CA64 8C387123 | 6DE66CA4 1C3DEA0C B2481CA8 C97EFEF3 
DF9B2ADE BFB3DFD3 B4482514 399E18D5 | 7FA64545 40BC6FFE 1E703B7E 4429559A 
9D85B4C6 903D4D74 67A277EA 45D11AA0 | 31DF9BB9 18AA9604 2C9AF628 E8F51D7D 
3A469441 5C1826AC 

